[2024-06-10 00:11:48.581] [jointLog] [info] setting maxHashResizeThreads to 1
[2024-06-10 00:11:48.581] [jointLog] [info] Fragment incompatibility prior below threshold.  Incompatible fragments will be ignored.
[2024-06-10 00:11:48.581] [jointLog] [info] Usage of --validateMappings implies use of minScoreFraction. Since not explicitly specified, it is being set to 0.65
[2024-06-10 00:11:48.581] [jointLog] [info] Setting consensusSlack to selective-alignment default of 0.35.
[2024-06-10 00:11:48.581] [jointLog] [info] parsing read library format
[2024-06-10 00:11:48.581] [jointLog] [info] There is 1 library.
[2024-06-10 00:11:48.623] [jointLog] [info] Loading pufferfish index
[2024-06-10 00:11:48.623] [jointLog] [info] Loading dense pufferfish index.
[2024-06-10 00:13:52.333] [jointLog] [info] done
[2024-06-10 00:13:52.333] [jointLog] [info] Index contained 251,744 targets
[2024-06-10 00:13:56.026] [jointLog] [info] Number of decoys : 194
[2024-06-10 00:13:56.026] [jointLog] [info] First decoy index : 251,509 
[2024-06-10 00:14:00.742] [jointLog] [info] Automatically detected most likely library type as ISR

[2024-06-10 01:42:07.013] [jointLog] [info] Thread saw mini-batch with a maximum of 3.04% zero probability fragments
[2024-06-10 01:42:07.359] [jointLog] [info] Computed 385,954 rich equivalence classes for further processing
[2024-06-10 01:42:07.359] [jointLog] [info] Counted 13,682,619 total reads in the equivalence classes 
[2024-06-10 01:42:07.361] [jointLog] [info] Number of mappings discarded because of alignment score : 24,210,513
[2024-06-10 01:42:07.361] [jointLog] [info] Number of fragments entirely discarded because of alignment score : 6,019,140
[2024-06-10 01:42:07.361] [jointLog] [info] Number of fragments discarded because they are best-mapped to decoys : 5,043,840
[2024-06-10 01:42:07.361] [jointLog] [info] Number of fragments discarded because they have only dovetail (discordant) mappings to valid targets : 211,165
[2024-06-10 01:42:07.361] [jointLog] [info] Mapping rate = 34.8866%

[2024-06-10 01:42:07.361] [jointLog] [info] finished quantifyLibrary()
[2024-06-10 01:42:07.362] [jointLog] [info] Starting optimizer
[2024-06-10 01:42:07.360] [fileLog] [info] 
At end of round 0
==================
Observed 39220298 total fragments (39220298 in most recent round)

[2024-06-10 01:42:07.698] [jointLog] [info] Marked 0 weighted equivalence classes as degenerate
[2024-06-10 01:42:07.802] [jointLog] [info] iteration = 0 | max rel diff. = 3934.83
[2024-06-10 01:42:08.833] [jointLog] [info] iteration 11, adjusting effective lengths to account for biases
[2024-06-10 01:47:37.761] [jointLog] [info] Computed expected counts (for bias correction)
[2024-06-10 01:47:37.763] [jointLog] [info] processed bias for 0.0% of the transcripts
[2024-06-10 01:48:15.065] [jointLog] [info] processed bias for 10.0% of the transcripts
[2024-06-10 01:48:52.343] [jointLog] [info] processed bias for 20.0% of the transcripts
[2024-06-10 01:49:28.738] [jointLog] [info] processed bias for 30.0% of the transcripts
[2024-06-10 01:50:05.654] [jointLog] [info] processed bias for 40.0% of the transcripts
[2024-06-10 01:50:42.239] [jointLog] [info] processed bias for 50.0% of the transcripts
[2024-06-10 01:51:16.414] [jointLog] [info] processed bias for 60.0% of the transcripts
[2024-06-10 01:51:51.346] [jointLog] [info] processed bias for 70.0% of the transcripts
[2024-06-10 01:52:22.845] [jointLog] [info] processed bias for 80.0% of the transcripts
[2024-06-10 01:52:52.390] [jointLog] [info] processed bias for 90.0% of the transcripts
[2024-06-10 01:53:28.320] [jointLog] [info] processed bias for 100.0% of the transcripts
[2024-06-10 01:53:37.455] [jointLog] [info] iteration = 100 | max rel diff. = 17.0864
[2024-06-10 01:53:47.542] [jointLog] [info] iteration = 200 | max rel diff. = 13.8855
[2024-06-10 01:53:57.593] [jointLog] [info] iteration = 300 | max rel diff. = 19.0369
[2024-06-10 01:54:07.662] [jointLog] [info] iteration = 400 | max rel diff. = 0.386967
[2024-06-10 01:54:17.712] [jointLog] [info] iteration = 500 | max rel diff. = 1.29693
[2024-06-10 01:54:27.820] [jointLog] [info] iteration = 600 | max rel diff. = 2.06352
[2024-06-10 01:54:37.872] [jointLog] [info] iteration = 700 | max rel diff. = 0.513075
[2024-06-10 01:54:47.949] [jointLog] [info] iteration = 800 | max rel diff. = 0.0538755
[2024-06-10 01:54:58.003] [jointLog] [info] iteration = 900 | max rel diff. = 0.796502
[2024-06-10 01:55:08.072] [jointLog] [info] iteration = 1,000 | max rel diff. = 0.340582
[2024-06-10 01:55:18.182] [jointLog] [info] iteration = 1,100 | max rel diff. = 0.0812206
[2024-06-10 01:55:28.480] [jointLog] [info] iteration = 1,200 | max rel diff. = 0.017391
[2024-06-10 01:55:38.540] [jointLog] [info] iteration = 1,300 | max rel diff. = 0.0530699
[2024-06-10 01:55:42.055] [jointLog] [info] iteration = 1,336 | max rel diff. = 0.00901522
[2024-06-10 01:55:42.131] [jointLog] [info] Finished optimizer
[2024-06-10 01:55:42.131] [jointLog] [info] writing output 

[2024-06-10 01:55:42.595] [jointLog] [info] Starting Bootstrapping
[2024-06-10 01:55:42.747] [jointLog] [info] Will draw 50 bootstrap samples
[2024-06-10 01:55:42.747] [jointLog] [info] Optimizing over 385,954 equivalence classes
[2024-06-10 01:55:42.792] [jointLog] [info] Marked 0 weighted equivalence classes as degenerate
[2024-06-10 01:57:28.611] [jointLog] [info] wrote 1 bootstraps
[2024-06-10 01:59:17.140] [jointLog] [info] wrote 2 bootstraps
[2024-06-10 02:00:53.521] [jointLog] [info] wrote 3 bootstraps
[2024-06-10 02:02:53.399] [jointLog] [info] wrote 4 bootstraps
[2024-06-10 02:04:59.132] [jointLog] [info] wrote 5 bootstraps
[2024-06-10 02:06:45.972] [jointLog] [info] wrote 6 bootstraps
[2024-06-10 02:08:24.949] [jointLog] [info] wrote 7 bootstraps
[2024-06-10 02:09:45.515] [jointLog] [info] wrote 8 bootstraps
[2024-06-10 02:11:11.245] [jointLog] [info] wrote 9 bootstraps
[2024-06-10 02:12:55.729] [jointLog] [info] wrote 10 bootstraps
[2024-06-10 02:14:09.599] [jointLog] [info] wrote 11 bootstraps
[2024-06-10 02:15:50.459] [jointLog] [info] wrote 12 bootstraps
[2024-06-10 02:17:32.590] [jointLog] [info] wrote 13 bootstraps
[2024-06-10 02:19:08.429] [jointLog] [info] wrote 14 bootstraps
[2024-06-10 02:20:58.624] [jointLog] [info] wrote 15 bootstraps
[2024-06-10 02:22:21.972] [jointLog] [info] wrote 16 bootstraps
[2024-06-10 02:23:40.803] [jointLog] [info] wrote 17 bootstraps
[2024-06-10 02:25:19.208] [jointLog] [info] wrote 18 bootstraps
[2024-06-10 02:26:40.393] [jointLog] [info] wrote 19 bootstraps
[2024-06-10 02:28:52.572] [jointLog] [info] wrote 20 bootstraps
[2024-06-10 02:30:34.758] [jointLog] [info] wrote 21 bootstraps
[2024-06-10 02:32:10.017] [jointLog] [info] wrote 22 bootstraps
[2024-06-10 02:33:57.104] [jointLog] [info] wrote 23 bootstraps
[2024-06-10 02:35:34.766] [jointLog] [info] wrote 24 bootstraps
[2024-06-10 02:37:09.209] [jointLog] [info] wrote 25 bootstraps
[2024-06-10 02:38:40.532] [jointLog] [info] wrote 26 bootstraps
[2024-06-10 02:40:28.896] [jointLog] [info] wrote 27 bootstraps
[2024-06-10 02:42:11.665] [jointLog] [info] wrote 28 bootstraps
[2024-06-10 02:43:29.010] [jointLog] [info] wrote 29 bootstraps
[2024-06-10 02:45:08.061] [jointLog] [info] wrote 30 bootstraps
[2024-06-10 02:46:51.324] [jointLog] [info] wrote 31 bootstraps
[2024-06-10 02:48:29.555] [jointLog] [info] wrote 32 bootstraps
[2024-06-10 02:49:52.889] [jointLog] [info] wrote 33 bootstraps
[2024-06-10 02:51:30.639] [jointLog] [info] wrote 34 bootstraps
[2024-06-10 02:52:44.122] [jointLog] [info] wrote 35 bootstraps
[2024-06-10 02:54:22.211] [jointLog] [info] wrote 36 bootstraps
[2024-06-10 02:55:53.366] [jointLog] [info] wrote 37 bootstraps
[2024-06-10 02:57:26.797] [jointLog] [info] wrote 38 bootstraps
[2024-06-10 02:59:00.021] [jointLog] [info] wrote 39 bootstraps
[2024-06-10 03:00:48.292] [jointLog] [info] wrote 40 bootstraps
[2024-06-10 03:02:16.184] [jointLog] [info] wrote 41 bootstraps
[2024-06-10 03:03:41.272] [jointLog] [info] wrote 42 bootstraps
[2024-06-10 03:05:24.718] [jointLog] [info] wrote 43 bootstraps
[2024-06-10 03:06:51.412] [jointLog] [info] wrote 44 bootstraps
[2024-06-10 03:08:34.592] [jointLog] [info] wrote 45 bootstraps
[2024-06-10 03:10:11.995] [jointLog] [info] wrote 46 bootstraps
[2024-06-10 03:11:34.140] [jointLog] [info] wrote 47 bootstraps
[2024-06-10 03:13:42.108] [jointLog] [info] wrote 48 bootstraps
[2024-06-10 03:15:07.975] [jointLog] [info] wrote 49 bootstraps
[2024-06-10 03:16:27.556] [jointLog] [info] wrote 50 bootstraps
[2024-06-10 03:16:27.597] [jointLog] [info] Finished Bootstrapping
[2024-06-10 03:16:27.597] [jointLog] [info] Computing gene-level abundance estimates
[2024-06-10 03:17:15.457] [jointLog] [info] There were 252416 transcripts mapping to 62696 genes
[2024-06-10 03:17:15.458] [jointLog] [info] NOTE: We recommend using tximport (https://bioconductor.org/packages/release/bioc/html/tximport.html) for aggregating transcript-level salmon abundance estimates to the gene level.  It is more versatile, exposes more features, and allows considering multi-sample information during aggregation.
[2024-06-10 03:17:15.950] [jointLog] [info] Aggregating expressions to gene level
[2024-06-10 03:17:16.121] [jointLog] [info] done
