[2024-06-09 17:39:57.651] [jointLog] [info] setting maxHashResizeThreads to 1
[2024-06-09 17:39:57.651] [jointLog] [info] Fragment incompatibility prior below threshold.  Incompatible fragments will be ignored.
[2024-06-09 17:39:57.651] [jointLog] [info] Usage of --validateMappings implies use of minScoreFraction. Since not explicitly specified, it is being set to 0.65
[2024-06-09 17:39:57.651] [jointLog] [info] Setting consensusSlack to selective-alignment default of 0.35.
[2024-06-09 17:39:57.651] [jointLog] [info] parsing read library format
[2024-06-09 17:39:57.651] [jointLog] [info] There is 1 library.
[2024-06-09 17:39:57.737] [jointLog] [info] Loading pufferfish index
[2024-06-09 17:39:57.738] [jointLog] [info] Loading dense pufferfish index.
[2024-06-09 17:41:58.333] [jointLog] [info] done
[2024-06-09 17:41:58.334] [jointLog] [info] Index contained 251,744 targets
[2024-06-09 17:42:01.944] [jointLog] [info] Number of decoys : 194
[2024-06-09 17:42:01.944] [jointLog] [info] First decoy index : 251,509 
[2024-06-09 17:42:08.935] [jointLog] [info] Automatically detected most likely library type as ISR

[2024-06-09 19:28:38.613] [jointLog] [info] Thread saw mini-batch with a maximum of 2.92% zero probability fragments
[2024-06-09 19:28:38.893] [jointLog] [info] Computed 367,561 rich equivalence classes for further processing
[2024-06-09 19:28:38.893] [jointLog] [info] Counted 11,006,989 total reads in the equivalence classes 
[2024-06-09 19:28:38.894] [jointLog] [info] Number of mappings discarded because of alignment score : 26,995,140
[2024-06-09 19:28:38.894] [jointLog] [info] Number of fragments entirely discarded because of alignment score : 7,670,847
[2024-06-09 19:28:38.894] [jointLog] [info] Number of fragments discarded because they are best-mapped to decoys : 6,698,302
[2024-06-09 19:28:38.894] [jointLog] [info] Number of fragments discarded because they have only dovetail (discordant) mappings to valid targets : 202,160
[2024-06-09 19:28:38.894] [jointLog] [info] Mapping rate = 24.9594%

[2024-06-09 19:28:38.894] [jointLog] [info] finished quantifyLibrary()
[2024-06-09 19:28:38.908] [jointLog] [info] Starting optimizer
[2024-06-09 19:28:38.893] [fileLog] [info] 
At end of round 0
==================
Observed 44099631 total fragments (44099631 in most recent round)

[2024-06-09 19:28:39.242] [jointLog] [info] Marked 0 weighted equivalence classes as degenerate
[2024-06-09 19:28:39.340] [jointLog] [info] iteration = 0 | max rel diff. = 3396.13
[2024-06-09 19:28:40.291] [jointLog] [info] iteration 11, adjusting effective lengths to account for biases
[2024-06-09 19:33:36.260] [jointLog] [info] Computed expected counts (for bias correction)
[2024-06-09 19:33:36.262] [jointLog] [info] processed bias for 0.0% of the transcripts
[2024-06-09 19:34:12.150] [jointLog] [info] processed bias for 10.0% of the transcripts
[2024-06-09 19:34:47.747] [jointLog] [info] processed bias for 20.0% of the transcripts
[2024-06-09 19:35:23.070] [jointLog] [info] processed bias for 30.0% of the transcripts
[2024-06-09 19:35:58.503] [jointLog] [info] processed bias for 40.0% of the transcripts
[2024-06-09 19:36:32.705] [jointLog] [info] processed bias for 50.0% of the transcripts
[2024-06-09 19:37:05.639] [jointLog] [info] processed bias for 60.0% of the transcripts
[2024-06-09 19:37:39.096] [jointLog] [info] processed bias for 70.0% of the transcripts
[2024-06-09 19:38:08.803] [jointLog] [info] processed bias for 80.0% of the transcripts
[2024-06-09 19:38:36.727] [jointLog] [info] processed bias for 90.0% of the transcripts
[2024-06-09 19:39:10.579] [jointLog] [info] processed bias for 100.0% of the transcripts
[2024-06-09 19:39:19.080] [jointLog] [info] iteration = 100 | max rel diff. = 18.1142
[2024-06-09 19:39:28.493] [jointLog] [info] iteration = 200 | max rel diff. = 18.9137
[2024-06-09 19:39:37.939] [jointLog] [info] iteration = 300 | max rel diff. = 4.15278
[2024-06-09 19:39:47.396] [jointLog] [info] iteration = 400 | max rel diff. = 2.65759
[2024-06-09 19:39:56.819] [jointLog] [info] iteration = 500 | max rel diff. = 2.55067
[2024-06-09 19:40:06.254] [jointLog] [info] iteration = 600 | max rel diff. = 3.3038
[2024-06-09 19:40:15.634] [jointLog] [info] iteration = 700 | max rel diff. = 0.341265
[2024-06-09 19:40:25.053] [jointLog] [info] iteration = 800 | max rel diff. = 0.863123
[2024-06-09 19:40:34.457] [jointLog] [info] iteration = 900 | max rel diff. = 0.0931421
[2024-06-09 19:40:43.855] [jointLog] [info] iteration = 1,000 | max rel diff. = 0.191735
[2024-06-09 19:40:53.325] [jointLog] [info] iteration = 1,100 | max rel diff. = 0.150524
[2024-06-09 19:41:02.745] [jointLog] [info] iteration = 1,200 | max rel diff. = 0.133072
[2024-06-09 19:41:12.181] [jointLog] [info] iteration = 1,300 | max rel diff. = 0.0973416
[2024-06-09 19:41:21.333] [jointLog] [info] iteration = 1,398 | max rel diff. = 0.00926542
[2024-06-09 19:41:21.394] [jointLog] [info] Finished optimizer
[2024-06-09 19:41:21.394] [jointLog] [info] writing output 

[2024-06-09 19:41:21.853] [jointLog] [info] Starting Bootstrapping
[2024-06-09 19:41:21.975] [jointLog] [info] Will draw 50 bootstrap samples
[2024-06-09 19:41:21.975] [jointLog] [info] Optimizing over 367,561 equivalence classes
[2024-06-09 19:41:22.015] [jointLog] [info] Marked 0 weighted equivalence classes as degenerate
[2024-06-09 19:42:29.726] [jointLog] [info] wrote 1 bootstraps
[2024-06-09 19:44:06.077] [jointLog] [info] wrote 2 bootstraps
[2024-06-09 19:45:33.210] [jointLog] [info] wrote 3 bootstraps
[2024-06-09 19:47:04.077] [jointLog] [info] wrote 4 bootstraps
[2024-06-09 19:48:36.133] [jointLog] [info] wrote 5 bootstraps
[2024-06-09 19:49:54.360] [jointLog] [info] wrote 6 bootstraps
[2024-06-09 19:51:08.424] [jointLog] [info] wrote 7 bootstraps
[2024-06-09 19:52:52.560] [jointLog] [info] wrote 8 bootstraps
[2024-06-09 19:54:18.638] [jointLog] [info] wrote 9 bootstraps
[2024-06-09 19:55:46.827] [jointLog] [info] wrote 10 bootstraps
[2024-06-09 19:57:43.115] [jointLog] [info] wrote 11 bootstraps
[2024-06-09 19:58:55.122] [jointLog] [info] wrote 12 bootstraps
[2024-06-09 20:00:16.023] [jointLog] [info] wrote 13 bootstraps
[2024-06-09 20:02:00.313] [jointLog] [info] wrote 14 bootstraps
[2024-06-09 20:03:57.453] [jointLog] [info] wrote 15 bootstraps
[2024-06-09 20:05:42.173] [jointLog] [info] wrote 16 bootstraps
[2024-06-09 20:07:08.558] [jointLog] [info] wrote 17 bootstraps
[2024-06-09 20:08:47.147] [jointLog] [info] wrote 18 bootstraps
[2024-06-09 20:10:10.992] [jointLog] [info] wrote 19 bootstraps
[2024-06-09 20:11:30.006] [jointLog] [info] wrote 20 bootstraps
[2024-06-09 20:12:47.292] [jointLog] [info] wrote 21 bootstraps
[2024-06-09 20:13:58.038] [jointLog] [info] wrote 22 bootstraps
[2024-06-09 20:15:27.434] [jointLog] [info] wrote 23 bootstraps
[2024-06-09 20:16:51.138] [jointLog] [info] wrote 24 bootstraps
[2024-06-09 20:17:59.547] [jointLog] [info] wrote 25 bootstraps
[2024-06-09 20:19:18.849] [jointLog] [info] wrote 26 bootstraps
[2024-06-09 20:20:45.374] [jointLog] [info] wrote 27 bootstraps
[2024-06-09 20:22:05.041] [jointLog] [info] wrote 28 bootstraps
[2024-06-09 20:23:34.333] [jointLog] [info] wrote 29 bootstraps
[2024-06-09 20:25:21.867] [jointLog] [info] wrote 30 bootstraps
[2024-06-09 20:26:41.759] [jointLog] [info] wrote 31 bootstraps
[2024-06-09 20:28:26.170] [jointLog] [info] wrote 32 bootstraps
[2024-06-09 20:30:21.290] [jointLog] [info] wrote 33 bootstraps
[2024-06-09 20:31:49.090] [jointLog] [info] wrote 34 bootstraps
[2024-06-09 20:33:12.367] [jointLog] [info] wrote 35 bootstraps
[2024-06-09 20:34:36.552] [jointLog] [info] wrote 36 bootstraps
[2024-06-09 20:35:51.723] [jointLog] [info] wrote 37 bootstraps
[2024-06-09 20:37:00.680] [jointLog] [info] wrote 38 bootstraps
[2024-06-09 20:38:23.315] [jointLog] [info] wrote 39 bootstraps
[2024-06-09 20:39:50.681] [jointLog] [info] wrote 40 bootstraps
[2024-06-09 20:41:21.807] [jointLog] [info] wrote 41 bootstraps
[2024-06-09 20:42:30.385] [jointLog] [info] wrote 42 bootstraps
[2024-06-09 20:44:00.559] [jointLog] [info] wrote 43 bootstraps
[2024-06-09 20:45:20.556] [jointLog] [info] wrote 44 bootstraps
[2024-06-09 20:46:47.228] [jointLog] [info] wrote 45 bootstraps
[2024-06-09 20:48:15.724] [jointLog] [info] wrote 46 bootstraps
[2024-06-09 20:49:47.139] [jointLog] [info] wrote 47 bootstraps
[2024-06-09 20:51:35.444] [jointLog] [info] wrote 48 bootstraps
[2024-06-09 20:53:22.500] [jointLog] [info] wrote 49 bootstraps
[2024-06-09 20:54:48.075] [jointLog] [info] wrote 50 bootstraps
[2024-06-09 20:54:48.122] [jointLog] [info] Finished Bootstrapping
[2024-06-09 20:54:48.122] [jointLog] [info] Computing gene-level abundance estimates
[2024-06-09 20:55:35.696] [jointLog] [info] There were 252416 transcripts mapping to 62696 genes
[2024-06-09 20:55:35.696] [jointLog] [info] NOTE: We recommend using tximport (https://bioconductor.org/packages/release/bioc/html/tximport.html) for aggregating transcript-level salmon abundance estimates to the gene level.  It is more versatile, exposes more features, and allows considering multi-sample information during aggregation.
[2024-06-09 20:55:36.209] [jointLog] [info] Aggregating expressions to gene level
[2024-06-09 20:55:36.389] [jointLog] [info] done
