[2024-06-09 21:39:12.154] [jointLog] [info] setting maxHashResizeThreads to 2
[2024-06-09 21:39:12.154] [jointLog] [info] Fragment incompatibility prior below threshold.  Incompatible fragments will be ignored.
[2024-06-09 21:39:12.154] [jointLog] [info] Usage of --validateMappings implies use of minScoreFraction. Since not explicitly specified, it is being set to 0.65
[2024-06-09 21:39:12.154] [jointLog] [info] Setting consensusSlack to selective-alignment default of 0.35.
[2024-06-09 21:39:12.154] [jointLog] [info] parsing read library format
[2024-06-09 21:39:12.154] [jointLog] [info] There is 1 library.
[2024-06-09 21:39:12.239] [jointLog] [info] Loading pufferfish index
[2024-06-09 21:39:12.239] [jointLog] [info] Loading dense pufferfish index.
[2024-06-09 21:39:53.593] [jointLog] [info] done
[2024-06-09 21:39:53.593] [jointLog] [info] Index contained 251,744 targets
[2024-06-09 21:39:57.456] [jointLog] [info] Number of decoys : 194
[2024-06-09 21:39:57.456] [jointLog] [info] First decoy index : 251,509 
[2024-06-09 21:39:59.467] [jointLog] [info] Automatically detected most likely library type as ISR

[2024-06-09 22:01:24.833] [jointLog] [info] Thread saw mini-batch with a maximum of 2.36% zero probability fragments
[2024-06-09 22:01:24.906] [jointLog] [info] Thread saw mini-batch with a maximum of 2.48% zero probability fragments
[2024-06-09 22:01:25.140] [jointLog] [info] Computed 253,419 rich equivalence classes for further processing
[2024-06-09 22:01:25.140] [jointLog] [info] Counted 15,031,956 total reads in the equivalence classes 
[2024-06-09 22:01:25.142] [jointLog] [info] Number of mappings discarded because of alignment score : 24,251,975
[2024-06-09 22:01:25.142] [jointLog] [info] Number of fragments entirely discarded because of alignment score : 2,547,788
[2024-06-09 22:01:25.142] [jointLog] [info] Number of fragments discarded because they are best-mapped to decoys : 1,477,405
[2024-06-09 22:01:25.142] [jointLog] [info] Number of fragments discarded because they have only dovetail (discordant) mappings to valid targets : 393,937
[2024-06-09 22:01:25.142] [jointLog] [info] Mapping rate = 67.49%

[2024-06-09 22:01:25.142] [jointLog] [info] finished quantifyLibrary()
[2024-06-09 22:01:25.144] [jointLog] [info] Starting optimizer
[2024-06-09 22:01:25.141] [fileLog] [info] 
At end of round 0
==================
Observed 22272878 total fragments (22272878 in most recent round)

[2024-06-09 22:01:25.372] [jointLog] [info] Marked 0 weighted equivalence classes as degenerate
[2024-06-09 22:01:25.429] [jointLog] [info] iteration = 0 | max rel diff. = 4161.38
[2024-06-09 22:01:25.968] [jointLog] [info] iteration 11, adjusting effective lengths to account for biases
[2024-06-09 22:03:17.751] [jointLog] [info] Computed expected counts (for bias correction)
[2024-06-09 22:03:17.753] [jointLog] [info] processed bias for 0.0% of the transcripts
[2024-06-09 22:03:30.539] [jointLog] [info] processed bias for 10.0% of the transcripts
[2024-06-09 22:03:43.198] [jointLog] [info] processed bias for 20.0% of the transcripts
[2024-06-09 22:03:56.640] [jointLog] [info] processed bias for 30.0% of the transcripts
[2024-06-09 22:04:10.213] [jointLog] [info] processed bias for 40.0% of the transcripts
[2024-06-09 22:04:21.478] [jointLog] [info] processed bias for 50.0% of the transcripts
[2024-06-09 22:04:34.056] [jointLog] [info] processed bias for 60.0% of the transcripts
[2024-06-09 22:04:45.491] [jointLog] [info] processed bias for 70.0% of the transcripts
[2024-06-09 22:04:57.411] [jointLog] [info] processed bias for 80.0% of the transcripts
[2024-06-09 22:05:09.853] [jointLog] [info] processed bias for 90.0% of the transcripts
[2024-06-09 22:05:23.454] [jointLog] [info] processed bias for 100.0% of the transcripts
[2024-06-09 22:05:28.250] [jointLog] [info] iteration = 100 | max rel diff. = 18.0146
[2024-06-09 22:05:33.487] [jointLog] [info] iteration = 200 | max rel diff. = 5.49411
[2024-06-09 22:05:38.736] [jointLog] [info] iteration = 300 | max rel diff. = 1.59894
[2024-06-09 22:05:45.022] [jointLog] [info] iteration = 400 | max rel diff. = 0.146719
[2024-06-09 22:05:51.442] [jointLog] [info] iteration = 500 | max rel diff. = 0.351082
[2024-06-09 22:05:57.941] [jointLog] [info] iteration = 600 | max rel diff. = 2.67036
[2024-06-09 22:06:04.371] [jointLog] [info] iteration = 700 | max rel diff. = 0.0798618
[2024-06-09 22:06:10.771] [jointLog] [info] iteration = 800 | max rel diff. = 0.203234
[2024-06-09 22:06:16.955] [jointLog] [info] iteration = 900 | max rel diff. = 0.296183
[2024-06-09 22:06:22.359] [jointLog] [info] iteration = 1,000 | max rel diff. = 0.0208041
[2024-06-09 22:06:24.621] [jointLog] [info] iteration = 1,043 | max rel diff. = 0.0096151
[2024-06-09 22:06:24.688] [jointLog] [info] Finished optimizer
[2024-06-09 22:06:24.688] [jointLog] [info] writing output 

[2024-06-09 22:06:25.125] [jointLog] [info] Starting Bootstrapping
[2024-06-09 22:06:25.241] [jointLog] [info] Will draw 50 bootstrap samples
[2024-06-09 22:06:25.241] [jointLog] [info] Optimizing over 253,419 equivalence classes
[2024-06-09 22:06:25.278] [jointLog] [info] Marked 0 weighted equivalence classes as degenerate
[2024-06-09 22:07:25.350] [jointLog] [info] wrote 1 bootstraps
[2024-06-09 22:08:18.316] [jointLog] [info] wrote 2 bootstraps
[2024-06-09 22:09:07.877] [jointLog] [info] wrote 3 bootstraps
[2024-06-09 22:09:47.305] [jointLog] [info] wrote 4 bootstraps
[2024-06-09 22:10:38.980] [jointLog] [info] wrote 5 bootstraps
[2024-06-09 22:11:50.024] [jointLog] [info] wrote 6 bootstraps
[2024-06-09 22:12:39.917] [jointLog] [info] wrote 7 bootstraps
[2024-06-09 22:13:58.035] [jointLog] [info] wrote 8 bootstraps
[2024-06-09 22:14:52.459] [jointLog] [info] wrote 9 bootstraps
[2024-06-09 22:15:43.006] [jointLog] [info] wrote 10 bootstraps
[2024-06-09 22:16:52.392] [jointLog] [info] wrote 11 bootstraps
[2024-06-09 22:17:53.383] [jointLog] [info] wrote 12 bootstraps
[2024-06-09 22:19:01.467] [jointLog] [info] wrote 13 bootstraps
[2024-06-09 22:20:02.919] [jointLog] [info] wrote 14 bootstraps
[2024-06-09 22:21:14.200] [jointLog] [info] wrote 15 bootstraps
[2024-06-09 22:22:01.268] [jointLog] [info] wrote 16 bootstraps
[2024-06-09 22:23:08.604] [jointLog] [info] wrote 17 bootstraps
[2024-06-09 22:24:14.049] [jointLog] [info] wrote 18 bootstraps
[2024-06-09 22:25:00.224] [jointLog] [info] wrote 19 bootstraps
[2024-06-09 22:25:56.965] [jointLog] [info] wrote 20 bootstraps
[2024-06-09 22:27:12.531] [jointLog] [info] wrote 21 bootstraps
[2024-06-09 22:28:07.916] [jointLog] [info] wrote 22 bootstraps
[2024-06-09 22:29:18.514] [jointLog] [info] wrote 23 bootstraps
[2024-06-09 22:30:13.297] [jointLog] [info] wrote 24 bootstraps
[2024-06-09 22:31:03.124] [jointLog] [info] wrote 25 bootstraps
[2024-06-09 22:31:59.250] [jointLog] [info] wrote 26 bootstraps
[2024-06-09 22:32:54.993] [jointLog] [info] wrote 27 bootstraps
[2024-06-09 22:33:56.993] [jointLog] [info] wrote 28 bootstraps
[2024-06-09 22:35:03.779] [jointLog] [info] wrote 29 bootstraps
[2024-06-09 22:36:01.585] [jointLog] [info] wrote 30 bootstraps
[2024-06-09 22:37:05.293] [jointLog] [info] wrote 31 bootstraps
[2024-06-09 22:37:58.770] [jointLog] [info] wrote 32 bootstraps
[2024-06-09 22:39:02.675] [jointLog] [info] wrote 33 bootstraps
[2024-06-09 22:39:49.904] [jointLog] [info] wrote 34 bootstraps
[2024-06-09 22:40:56.048] [jointLog] [info] wrote 35 bootstraps
[2024-06-09 22:42:03.198] [jointLog] [info] wrote 36 bootstraps
[2024-06-09 22:43:12.953] [jointLog] [info] wrote 37 bootstraps
[2024-06-09 22:44:19.110] [jointLog] [info] wrote 38 bootstraps
[2024-06-09 22:45:34.655] [jointLog] [info] wrote 39 bootstraps
[2024-06-09 22:46:28.163] [jointLog] [info] wrote 40 bootstraps
[2024-06-09 22:47:38.566] [jointLog] [info] wrote 41 bootstraps
[2024-06-09 22:48:46.705] [jointLog] [info] wrote 42 bootstraps
[2024-06-09 22:49:31.672] [jointLog] [info] wrote 43 bootstraps
[2024-06-09 22:50:33.691] [jointLog] [info] wrote 44 bootstraps
[2024-06-09 22:51:20.136] [jointLog] [info] wrote 45 bootstraps
[2024-06-09 22:52:17.788] [jointLog] [info] wrote 46 bootstraps
[2024-06-09 22:53:11.200] [jointLog] [info] wrote 47 bootstraps
[2024-06-09 22:54:09.321] [jointLog] [info] wrote 48 bootstraps
[2024-06-09 22:55:25.823] [jointLog] [info] wrote 49 bootstraps
[2024-06-09 22:56:21.927] [jointLog] [info] wrote 50 bootstraps
[2024-06-09 22:56:21.965] [jointLog] [info] Finished Bootstrapping
[2024-06-09 22:56:21.965] [jointLog] [info] Computing gene-level abundance estimates
[2024-06-09 22:57:23.323] [jointLog] [info] There were 252416 transcripts mapping to 62696 genes
[2024-06-09 22:57:23.323] [jointLog] [info] NOTE: We recommend using tximport (https://bioconductor.org/packages/release/bioc/html/tximport.html) for aggregating transcript-level salmon abundance estimates to the gene level.  It is more versatile, exposes more features, and allows considering multi-sample information during aggregation.
[2024-06-09 22:57:35.496] [jointLog] [info] Aggregating expressions to gene level
[2024-06-09 22:59:11.114] [jointLog] [info] done
