[2024-06-09 22:59:38.759] [jointLog] [info] setting maxHashResizeThreads to 2
[2024-06-09 22:59:38.759] [jointLog] [info] Fragment incompatibility prior below threshold.  Incompatible fragments will be ignored.
[2024-06-09 22:59:38.759] [jointLog] [info] Usage of --validateMappings implies use of minScoreFraction. Since not explicitly specified, it is being set to 0.65
[2024-06-09 22:59:38.759] [jointLog] [info] Setting consensusSlack to selective-alignment default of 0.35.
[2024-06-09 22:59:38.759] [jointLog] [info] parsing read library format
[2024-06-09 22:59:38.759] [jointLog] [info] There is 1 library.
[2024-06-09 22:59:38.804] [jointLog] [info] Loading pufferfish index
[2024-06-09 22:59:38.804] [jointLog] [info] Loading dense pufferfish index.
[2024-06-09 23:00:21.068] [jointLog] [info] done
[2024-06-09 23:00:21.068] [jointLog] [info] Index contained 251,744 targets
[2024-06-09 23:00:24.981] [jointLog] [info] Number of decoys : 194
[2024-06-09 23:00:24.981] [jointLog] [info] First decoy index : 251,509 
[2024-06-09 23:00:26.310] [jointLog] [info] Automatically detected most likely library type as ISR

[2024-06-09 23:16:03.869] [jointLog] [info] Thread saw mini-batch with a maximum of 3.36% zero probability fragments
[2024-06-09 23:16:03.877] [jointLog] [info] Thread saw mini-batch with a maximum of 3.38% zero probability fragments
[2024-06-09 23:16:04.140] [jointLog] [info] Computed 231,721 rich equivalence classes for further processing
[2024-06-09 23:16:04.140] [jointLog] [info] Counted 11,860,120 total reads in the equivalence classes 
[2024-06-09 23:16:04.142] [jointLog] [info] Number of mappings discarded because of alignment score : 19,826,986
[2024-06-09 23:16:04.142] [jointLog] [info] Number of fragments entirely discarded because of alignment score : 1,939,121
[2024-06-09 23:16:04.142] [jointLog] [info] Number of fragments discarded because they are best-mapped to decoys : 1,128,012
[2024-06-09 23:16:04.142] [jointLog] [info] Number of fragments discarded because they have only dovetail (discordant) mappings to valid targets : 316,605
[2024-06-09 23:16:04.142] [jointLog] [info] Mapping rate = 64.9565%

[2024-06-09 23:16:04.142] [jointLog] [info] finished quantifyLibrary()
[2024-06-09 23:16:04.144] [jointLog] [info] Starting optimizer
[2024-06-09 23:16:04.404] [jointLog] [info] Marked 0 weighted equivalence classes as degenerate
[2024-06-09 23:16:04.470] [jointLog] [info] iteration = 0 | max rel diff. = 3586.42
[2024-06-09 23:16:04.140] [fileLog] [info] 
At end of round 0
==================
Observed 18258566 total fragments (18258566 in most recent round)

[2024-06-09 23:16:05.047] [jointLog] [info] iteration 11, adjusting effective lengths to account for biases
[2024-06-09 23:17:48.402] [jointLog] [info] Computed expected counts (for bias correction)
[2024-06-09 23:17:48.404] [jointLog] [info] processed bias for 0.0% of the transcripts
[2024-06-09 23:18:00.348] [jointLog] [info] processed bias for 10.0% of the transcripts
[2024-06-09 23:18:12.313] [jointLog] [info] processed bias for 20.0% of the transcripts
[2024-06-09 23:18:25.175] [jointLog] [info] processed bias for 30.0% of the transcripts
[2024-06-09 23:18:37.716] [jointLog] [info] processed bias for 40.0% of the transcripts
[2024-06-09 23:18:48.229] [jointLog] [info] processed bias for 50.0% of the transcripts
[2024-06-09 23:19:00.190] [jointLog] [info] processed bias for 60.0% of the transcripts
[2024-06-09 23:19:10.848] [jointLog] [info] processed bias for 70.0% of the transcripts
[2024-06-09 23:19:22.328] [jointLog] [info] processed bias for 80.0% of the transcripts
[2024-06-09 23:19:34.128] [jointLog] [info] processed bias for 90.0% of the transcripts
[2024-06-09 23:19:46.856] [jointLog] [info] processed bias for 100.0% of the transcripts
[2024-06-09 23:19:52.182] [jointLog] [info] iteration = 100 | max rel diff. = 18.3787
[2024-06-09 23:19:58.099] [jointLog] [info] iteration = 200 | max rel diff. = 2.26283
[2024-06-09 23:20:04.008] [jointLog] [info] iteration = 300 | max rel diff. = 2.83026
[2024-06-09 23:20:09.911] [jointLog] [info] iteration = 400 | max rel diff. = 1.2744
[2024-06-09 23:20:15.755] [jointLog] [info] iteration = 500 | max rel diff. = 0.690087
[2024-06-09 23:20:21.623] [jointLog] [info] iteration = 600 | max rel diff. = 0.127368
[2024-06-09 23:20:27.564] [jointLog] [info] iteration = 700 | max rel diff. = 0.0434062
[2024-06-09 23:20:33.444] [jointLog] [info] iteration = 800 | max rel diff. = 0.319188
[2024-06-09 23:20:39.284] [jointLog] [info] iteration = 900 | max rel diff. = 0.0576055
[2024-06-09 23:20:45.122] [jointLog] [info] iteration = 1,000 | max rel diff. = 0.474669
[2024-06-09 23:20:50.954] [jointLog] [info] iteration = 1,100 | max rel diff. = 19.336
[2024-06-09 23:20:54.899] [jointLog] [info] iteration = 1,168 | max rel diff. = 0.008786
[2024-06-09 23:20:54.979] [jointLog] [info] Finished optimizer
[2024-06-09 23:20:54.979] [jointLog] [info] writing output 

[2024-06-09 23:20:55.413] [jointLog] [info] Starting Bootstrapping
[2024-06-09 23:20:55.573] [jointLog] [info] Will draw 50 bootstrap samples
[2024-06-09 23:20:55.573] [jointLog] [info] Optimizing over 231,721 equivalence classes
[2024-06-09 23:20:55.620] [jointLog] [info] Marked 0 weighted equivalence classes as degenerate
[2024-06-09 23:21:50.734] [jointLog] [info] wrote 1 bootstraps
[2024-06-09 23:22:55.386] [jointLog] [info] wrote 2 bootstraps
[2024-06-09 23:24:07.254] [jointLog] [info] wrote 3 bootstraps
[2024-06-09 23:25:12.597] [jointLog] [info] wrote 4 bootstraps
[2024-06-09 23:26:20.516] [jointLog] [info] wrote 5 bootstraps
[2024-06-09 23:27:38.866] [jointLog] [info] wrote 6 bootstraps
[2024-06-09 23:28:29.051] [jointLog] [info] wrote 7 bootstraps
[2024-06-09 23:29:32.362] [jointLog] [info] wrote 8 bootstraps
[2024-06-09 23:30:43.520] [jointLog] [info] wrote 9 bootstraps
[2024-06-09 23:31:43.028] [jointLog] [info] wrote 10 bootstraps
[2024-06-09 23:32:50.100] [jointLog] [info] wrote 11 bootstraps
[2024-06-09 23:33:56.347] [jointLog] [info] wrote 12 bootstraps
[2024-06-09 23:35:06.498] [jointLog] [info] wrote 13 bootstraps
[2024-06-09 23:35:52.009] [jointLog] [info] wrote 14 bootstraps
[2024-06-09 23:36:42.335] [jointLog] [info] wrote 15 bootstraps
[2024-06-09 23:37:43.507] [jointLog] [info] wrote 16 bootstraps
[2024-06-09 23:38:51.038] [jointLog] [info] wrote 17 bootstraps
[2024-06-09 23:40:16.483] [jointLog] [info] wrote 18 bootstraps
[2024-06-09 23:41:05.993] [jointLog] [info] wrote 19 bootstraps
[2024-06-09 23:42:08.928] [jointLog] [info] wrote 20 bootstraps
[2024-06-09 23:43:20.916] [jointLog] [info] wrote 21 bootstraps
[2024-06-09 23:44:27.296] [jointLog] [info] wrote 22 bootstraps
[2024-06-09 23:45:43.425] [jointLog] [info] wrote 23 bootstraps
[2024-06-09 23:46:55.294] [jointLog] [info] wrote 24 bootstraps
[2024-06-09 23:48:04.942] [jointLog] [info] wrote 25 bootstraps
[2024-06-09 23:49:18.674] [jointLog] [info] wrote 26 bootstraps
[2024-06-09 23:50:20.757] [jointLog] [info] wrote 27 bootstraps
[2024-06-09 23:51:28.116] [jointLog] [info] wrote 28 bootstraps
[2024-06-09 23:52:44.789] [jointLog] [info] wrote 29 bootstraps
[2024-06-09 23:53:32.384] [jointLog] [info] wrote 30 bootstraps
[2024-06-09 23:54:42.196] [jointLog] [info] wrote 31 bootstraps
[2024-06-09 23:55:56.714] [jointLog] [info] wrote 32 bootstraps
[2024-06-09 23:56:43.303] [jointLog] [info] wrote 33 bootstraps
[2024-06-09 23:57:41.938] [jointLog] [info] wrote 34 bootstraps
[2024-06-09 23:58:35.274] [jointLog] [info] wrote 35 bootstraps
[2024-06-09 23:59:48.470] [jointLog] [info] wrote 36 bootstraps
[2024-06-10 00:01:08.898] [jointLog] [info] wrote 37 bootstraps
[2024-06-10 00:02:13.581] [jointLog] [info] wrote 38 bootstraps
[2024-06-10 00:03:14.943] [jointLog] [info] wrote 39 bootstraps
[2024-06-10 00:04:28.127] [jointLog] [info] wrote 40 bootstraps
[2024-06-10 00:05:33.987] [jointLog] [info] wrote 41 bootstraps
[2024-06-10 00:06:49.227] [jointLog] [info] wrote 42 bootstraps
[2024-06-10 00:08:03.539] [jointLog] [info] wrote 43 bootstraps
[2024-06-10 00:09:09.449] [jointLog] [info] wrote 44 bootstraps
[2024-06-10 00:10:09.962] [jointLog] [info] wrote 45 bootstraps
[2024-06-10 00:11:02.749] [jointLog] [info] wrote 46 bootstraps
[2024-06-10 00:11:59.577] [jointLog] [info] wrote 47 bootstraps
[2024-06-10 00:13:04.872] [jointLog] [info] wrote 48 bootstraps
[2024-06-10 00:14:13.906] [jointLog] [info] wrote 49 bootstraps
[2024-06-10 00:15:30.072] [jointLog] [info] wrote 50 bootstraps
[2024-06-10 00:15:30.111] [jointLog] [info] Finished Bootstrapping
[2024-06-10 00:15:30.111] [jointLog] [info] Computing gene-level abundance estimates
[2024-06-10 00:16:18.959] [jointLog] [info] There were 252416 transcripts mapping to 62696 genes
[2024-06-10 00:16:18.960] [jointLog] [info] NOTE: We recommend using tximport (https://bioconductor.org/packages/release/bioc/html/tximport.html) for aggregating transcript-level salmon abundance estimates to the gene level.  It is more versatile, exposes more features, and allows considering multi-sample information during aggregation.
[2024-06-10 00:16:19.609] [jointLog] [info] Aggregating expressions to gene level
[2024-06-10 00:16:19.818] [jointLog] [info] done
