[2024-06-09 19:58:34.002] [jointLog] [info] setting maxHashResizeThreads to 2
[2024-06-09 19:58:34.002] [jointLog] [info] Fragment incompatibility prior below threshold.  Incompatible fragments will be ignored.
[2024-06-09 19:58:34.002] [jointLog] [info] Usage of --validateMappings implies use of minScoreFraction. Since not explicitly specified, it is being set to 0.65
[2024-06-09 19:58:34.002] [jointLog] [info] Setting consensusSlack to selective-alignment default of 0.35.
[2024-06-09 19:58:34.002] [jointLog] [info] parsing read library format
[2024-06-09 19:58:34.002] [jointLog] [info] There is 1 library.
[2024-06-09 19:58:34.103] [jointLog] [info] Loading pufferfish index
[2024-06-09 19:58:34.117] [jointLog] [info] Loading dense pufferfish index.
[2024-06-09 20:00:55.404] [jointLog] [info] done
[2024-06-09 20:00:55.404] [jointLog] [info] Index contained 251,744 targets
[2024-06-09 20:00:58.817] [jointLog] [info] Number of decoys : 194
[2024-06-09 20:00:58.817] [jointLog] [info] First decoy index : 251,509 
[2024-06-09 20:01:00.793] [jointLog] [info] Automatically detected most likely library type as ISR

[2024-06-09 20:09:14.912] [jointLog] [info] Thread saw mini-batch with a maximum of 2.58% zero probability fragments
[2024-06-09 20:09:14.954] [jointLog] [info] Thread saw mini-batch with a maximum of 2.60% zero probability fragments
[2024-06-09 20:09:15.128] [jointLog] [info] Computed 181,234 rich equivalence classes for further processing
[2024-06-09 20:09:15.128] [jointLog] [info] Counted 7,467,969 total reads in the equivalence classes 
[2024-06-09 20:09:15.130] [jointLog] [info] Number of mappings discarded because of alignment score : 8,668,257
[2024-06-09 20:09:15.130] [jointLog] [info] Number of fragments entirely discarded because of alignment score : 1,244,919
[2024-06-09 20:09:15.130] [jointLog] [info] Number of fragments discarded because they are best-mapped to decoys : 659,048
[2024-06-09 20:09:15.130] [jointLog] [info] Number of fragments discarded because they have only dovetail (discordant) mappings to valid targets : 236,135
[2024-06-09 20:09:15.130] [jointLog] [info] Mapping rate = 68.8747%

[2024-06-09 20:09:15.130] [jointLog] [info] finished quantifyLibrary()
[2024-06-09 20:09:15.131] [jointLog] [info] Starting optimizer
[2024-06-09 20:09:15.315] [jointLog] [info] Marked 0 weighted equivalence classes as degenerate
[2024-06-09 20:09:15.365] [jointLog] [info] iteration = 0 | max rel diff. = 2524.3
[2024-06-09 20:09:15.128] [fileLog] [info] 
At end of round 0
==================
Observed 10842832 total fragments (10842832 in most recent round)

[2024-06-09 20:09:15.841] [jointLog] [info] iteration 11, adjusting effective lengths to account for biases
[2024-06-09 20:10:43.000] [jointLog] [info] Computed expected counts (for bias correction)
[2024-06-09 20:10:43.000] [jointLog] [info] processed bias for 0.0% of the transcripts
[2024-06-09 20:10:52.637] [jointLog] [info] processed bias for 10.0% of the transcripts
[2024-06-09 20:11:02.417] [jointLog] [info] processed bias for 20.0% of the transcripts
[2024-06-09 20:11:13.111] [jointLog] [info] processed bias for 30.0% of the transcripts
[2024-06-09 20:11:23.796] [jointLog] [info] processed bias for 40.0% of the transcripts
[2024-06-09 20:11:32.510] [jointLog] [info] processed bias for 50.0% of the transcripts
[2024-06-09 20:11:42.129] [jointLog] [info] processed bias for 60.0% of the transcripts
[2024-06-09 20:11:51.190] [jointLog] [info] processed bias for 70.0% of the transcripts
[2024-06-09 20:12:00.313] [jointLog] [info] processed bias for 80.0% of the transcripts
[2024-06-09 20:12:10.211] [jointLog] [info] processed bias for 90.0% of the transcripts
[2024-06-09 20:12:20.724] [jointLog] [info] processed bias for 100.0% of the transcripts
[2024-06-09 20:12:24.909] [jointLog] [info] iteration = 100 | max rel diff. = 15.3647
[2024-06-09 20:12:29.513] [jointLog] [info] iteration = 200 | max rel diff. = 6.70423
[2024-06-09 20:12:34.157] [jointLog] [info] iteration = 300 | max rel diff. = 0.87839
[2024-06-09 20:12:38.771] [jointLog] [info] iteration = 400 | max rel diff. = 1.13875
[2024-06-09 20:12:43.392] [jointLog] [info] iteration = 500 | max rel diff. = 0.226471
[2024-06-09 20:12:47.978] [jointLog] [info] iteration = 600 | max rel diff. = 0.163297
[2024-06-09 20:12:52.583] [jointLog] [info] iteration = 700 | max rel diff. = 0.0673049
[2024-06-09 20:12:57.173] [jointLog] [info] iteration = 800 | max rel diff. = 0.192621
[2024-06-09 20:13:01.216] [jointLog] [info] iteration = 889 | max rel diff. = 0.00748977
[2024-06-09 20:13:01.280] [jointLog] [info] Finished optimizer
[2024-06-09 20:13:01.280] [jointLog] [info] writing output 

[2024-06-09 20:13:01.953] [jointLog] [info] Starting Bootstrapping
[2024-06-09 20:13:02.040] [jointLog] [info] Will draw 50 bootstrap samples
[2024-06-09 20:13:02.040] [jointLog] [info] Optimizing over 181,234 equivalence classes
[2024-06-09 20:13:02.067] [jointLog] [info] Marked 0 weighted equivalence classes as degenerate
[2024-06-09 20:13:50.022] [jointLog] [info] wrote 1 bootstraps
[2024-06-09 20:14:27.897] [jointLog] [info] wrote 2 bootstraps
[2024-06-09 20:15:02.047] [jointLog] [info] wrote 3 bootstraps
[2024-06-09 20:15:46.424] [jointLog] [info] wrote 4 bootstraps
[2024-06-09 20:16:18.102] [jointLog] [info] wrote 5 bootstraps
[2024-06-09 20:17:13.769] [jointLog] [info] wrote 6 bootstraps
[2024-06-09 20:17:50.071] [jointLog] [info] wrote 7 bootstraps
[2024-06-09 20:18:38.038] [jointLog] [info] wrote 8 bootstraps
[2024-06-09 20:19:25.287] [jointLog] [info] wrote 9 bootstraps
[2024-06-09 20:20:05.161] [jointLog] [info] wrote 10 bootstraps
[2024-06-09 20:20:49.418] [jointLog] [info] wrote 11 bootstraps
[2024-06-09 20:21:23.083] [jointLog] [info] wrote 12 bootstraps
[2024-06-09 20:22:07.616] [jointLog] [info] wrote 13 bootstraps
[2024-06-09 20:22:50.073] [jointLog] [info] wrote 14 bootstraps
[2024-06-09 20:23:35.000] [jointLog] [info] wrote 15 bootstraps
[2024-06-09 20:24:08.876] [jointLog] [info] wrote 16 bootstraps
[2024-06-09 20:24:48.617] [jointLog] [info] wrote 17 bootstraps
[2024-06-09 20:25:31.415] [jointLog] [info] wrote 18 bootstraps
[2024-06-09 20:26:15.491] [jointLog] [info] wrote 19 bootstraps
[2024-06-09 20:27:02.183] [jointLog] [info] wrote 20 bootstraps
[2024-06-09 20:27:36.404] [jointLog] [info] wrote 21 bootstraps
[2024-06-09 20:28:06.826] [jointLog] [info] wrote 22 bootstraps
[2024-06-09 20:28:49.499] [jointLog] [info] wrote 23 bootstraps
[2024-06-09 20:29:29.845] [jointLog] [info] wrote 24 bootstraps
[2024-06-09 20:30:10.391] [jointLog] [info] wrote 25 bootstraps
[2024-06-09 20:30:46.642] [jointLog] [info] wrote 26 bootstraps
[2024-06-09 20:31:24.113] [jointLog] [info] wrote 27 bootstraps
[2024-06-09 20:31:57.154] [jointLog] [info] wrote 28 bootstraps
[2024-06-09 20:32:38.996] [jointLog] [info] wrote 29 bootstraps
[2024-06-09 20:33:22.796] [jointLog] [info] wrote 30 bootstraps
[2024-06-09 20:33:53.314] [jointLog] [info] wrote 31 bootstraps
[2024-06-09 20:34:28.916] [jointLog] [info] wrote 32 bootstraps
[2024-06-09 20:35:04.572] [jointLog] [info] wrote 33 bootstraps
[2024-06-09 20:35:42.332] [jointLog] [info] wrote 34 bootstraps
[2024-06-09 20:36:20.666] [jointLog] [info] wrote 35 bootstraps
[2024-06-09 20:37:00.381] [jointLog] [info] wrote 36 bootstraps
[2024-06-09 20:37:47.949] [jointLog] [info] wrote 37 bootstraps
[2024-06-09 20:38:25.452] [jointLog] [info] wrote 38 bootstraps
[2024-06-09 20:39:00.549] [jointLog] [info] wrote 39 bootstraps
[2024-06-09 20:39:49.117] [jointLog] [info] wrote 40 bootstraps
[2024-06-09 20:40:34.916] [jointLog] [info] wrote 41 bootstraps
[2024-06-09 20:41:18.565] [jointLog] [info] wrote 42 bootstraps
[2024-06-09 20:41:54.136] [jointLog] [info] wrote 43 bootstraps
[2024-06-09 20:42:27.024] [jointLog] [info] wrote 44 bootstraps
[2024-06-09 20:43:08.890] [jointLog] [info] wrote 45 bootstraps
[2024-06-09 20:43:53.800] [jointLog] [info] wrote 46 bootstraps
[2024-06-09 20:44:24.809] [jointLog] [info] wrote 47 bootstraps
[2024-06-09 20:45:12.799] [jointLog] [info] wrote 48 bootstraps
[2024-06-09 20:45:57.716] [jointLog] [info] wrote 49 bootstraps
[2024-06-09 20:46:41.000] [jointLog] [info] wrote 50 bootstraps
[2024-06-09 20:46:41.033] [jointLog] [info] Finished Bootstrapping
[2024-06-09 20:46:41.033] [jointLog] [info] Computing gene-level abundance estimates
[2024-06-09 20:47:30.578] [jointLog] [info] There were 252416 transcripts mapping to 62696 genes
[2024-06-09 20:47:30.579] [jointLog] [info] NOTE: We recommend using tximport (https://bioconductor.org/packages/release/bioc/html/tximport.html) for aggregating transcript-level salmon abundance estimates to the gene level.  It is more versatile, exposes more features, and allows considering multi-sample information during aggregation.
[2024-06-09 20:47:31.199] [jointLog] [info] Aggregating expressions to gene level
[2024-06-09 20:47:31.388] [jointLog] [info] done
